Params:
	growth_rate: 12
	num_intra_threads: 12
	num_inter_threads: 1
	keep_prob: 0.8
	should_save_logs: True
	renew_logs: True
	total_blocks: 3
	model_type: DenseNet
	depth: 40
	reduction: 1.0
	dataset: C10
	use_lap: False
	train: True
	weight_decay: 0.0001
	bc_mode: False
	nesterov_momentum: 0.9
	should_save_model: True
	test: True
Train params:
	validation_split: None
	shuffle: every_epoch
	normalization: by_chanels
	n_epochs: 300
	batch_size: 64
	validation_set: True
	initial_learning_rate: 0.1
	reduce_lr_epoch_1: 150
	reduce_lr_epoch_2: 225
Prepare training data...
Initialize the model..
Build DenseNet model with 3 blocks, 12 composite layers each.
Reduction at transition layers: 1.0
Total training params: 1.1M
Data provider train images:  50000

 ------------------------------ Train epoch: 1 ------------------------------ 

Training...
